[2018-12-18T09:00:30.567] [INFO] oth - init logger -> finished
[2018-12-18T09:00:30.988] [INFO] oth - init mysql_pool -> finished
[2018-12-18T09:00:30.992] [INFO] oth - init sqls -> finished
[2018-12-18T09:00:40.325] [INFO] oth - start app by node -> finished
[2018-12-18T11:20:32.613] [INFO] oth - init logger -> finished
[2018-12-18T11:20:32.720] [INFO] oth - init mysql_pool -> finished
[2018-12-18T11:20:32.723] [INFO] oth - init sqls -> finished
[2018-12-18T11:21:47.857] [INFO] oth - init logger -> finished
[2018-12-18T11:21:47.970] [INFO] oth - init mysql_pool -> finished
[2018-12-18T11:21:47.976] [INFO] oth - init sqls -> finished
[2018-12-18T11:22:11.406] [INFO] oth - init logger -> finished
[2018-12-18T11:22:11.543] [INFO] oth - init mysql_pool -> finished
[2018-12-18T11:22:11.547] [INFO] oth - init sqls -> finished
[2018-12-18T11:23:16.867] [INFO] oth - init logger -> finished
[2018-12-18T11:23:16.967] [INFO] oth - init mysql_pool -> finished
[2018-12-18T11:23:16.972] [INFO] oth - init sqls -> finished
[2018-12-18T11:27:00.512] [INFO] oth - init logger -> finished
[2018-12-18T11:27:00.627] [INFO] oth - init mysql_pool -> finished
[2018-12-18T11:27:00.631] [INFO] oth - init sqls -> finished
[2018-12-18T11:27:27.699] [INFO] oth - init logger -> finished
[2018-12-18T11:27:27.807] [INFO] oth - init mysql_pool -> finished
[2018-12-18T11:27:27.811] [INFO] oth - init sqls -> finished
[2018-12-18T11:30:37.427] [INFO] oth - init logger -> finished
[2018-12-18T11:30:37.529] [INFO] oth - init mysql_pool -> finished
[2018-12-18T11:30:37.533] [INFO] oth - init sqls -> finished
[2018-12-18T12:20:46.903] [INFO] oth - init logger -> finished
[2018-12-18T12:20:47.022] [INFO] oth - init mysql_pool -> finished
[2018-12-18T12:20:47.026] [INFO] oth - init sqls -> finished
[2018-12-18T12:22:09.373] [INFO] oth - init logger -> finished
[2018-12-18T12:22:09.481] [INFO] oth - init mysql_pool -> finished
[2018-12-18T12:22:09.484] [INFO] oth - init sqls -> finished
[2018-12-18T12:22:35.376] [INFO] oth - init logger -> finished
[2018-12-18T12:22:35.485] [INFO] oth - init mysql_pool -> finished
[2018-12-18T12:22:35.488] [INFO] oth - init sqls -> finished
[2018-12-18T12:22:53.660] [INFO] oth - init logger -> finished
[2018-12-18T12:22:53.764] [INFO] oth - init mysql_pool -> finished
[2018-12-18T12:22:53.768] [INFO] oth - init sqls -> finished
[2018-12-18T12:24:20.365] [INFO] oth - init logger -> finished
[2018-12-18T12:24:20.466] [INFO] oth - init mysql_pool -> finished
[2018-12-18T12:24:20.471] [INFO] oth - init sqls -> finished
[2018-12-18T12:24:30.598] [INFO] oth - init logger -> finished
[2018-12-18T12:24:30.701] [INFO] oth - init mysql_pool -> finished
[2018-12-18T12:24:30.706] [INFO] oth - init sqls -> finished
[2018-12-18T12:24:47.254] [INFO] oth - init logger -> finished
[2018-12-18T12:24:47.389] [INFO] oth - init mysql_pool -> finished
[2018-12-18T12:24:47.395] [INFO] oth - init sqls -> finished
[2018-12-18T12:26:21.268] [INFO] oth - init logger -> finished
[2018-12-18T12:26:21.369] [INFO] oth - init mysql_pool -> finished
[2018-12-18T12:26:21.373] [INFO] oth - init sqls -> finished
[2018-12-18T12:28:16.144] [INFO] oth - init logger -> finished
[2018-12-18T12:28:16.241] [INFO] oth - init mysql_pool -> finished
[2018-12-18T12:28:16.244] [INFO] oth - init sqls -> finished
[2018-12-18T12:32:02.412] [INFO] oth - init logger -> finished
[2018-12-18T12:32:02.510] [INFO] oth - init mysql_pool -> finished
[2018-12-18T12:32:02.514] [INFO] oth - init sqls -> finished
[2018-12-18T12:39:03.405] [INFO] oth - init logger -> finished
[2018-12-18T12:39:03.510] [INFO] oth - init mysql_pool -> finished
[2018-12-18T12:39:03.513] [INFO] oth - init sqls -> finished
[2018-12-18T13:01:50.567] [INFO] oth - init logger -> finished
[2018-12-18T13:01:50.887] [INFO] oth - init mysql_pool -> finished
[2018-12-18T13:01:50.894] [INFO] oth - init sqls -> finished
[2018-12-18T13:02:34.175] [INFO] oth - init logger -> finished
[2018-12-18T13:02:34.781] [INFO] oth - init mysql_pool -> finished
[2018-12-18T13:02:35.230] [INFO] oth - init sqls -> finished
[2018-12-18T13:02:36.727] [INFO] oth - start app by node -> finished
[2018-12-18T13:08:11.098] [INFO] oth - init logger -> finished
[2018-12-18T13:08:11.272] [INFO] oth - init mysql_pool -> finished
[2018-12-18T13:08:12.787] [INFO] oth - init sqls -> finished
[2018-12-18T13:08:13.394] [INFO] oth - start app by node -> finished
[2018-12-18T13:08:39.766] [INFO] oth - init logger -> finished
[2018-12-18T13:08:39.917] [INFO] oth - init mysql_pool -> finished
[2018-12-18T13:08:41.442] [INFO] oth - init sqls -> finished
[2018-12-18T13:08:42.271] [INFO] oth - start app by node -> finished
[2018-12-18T13:09:21.644] [INFO] oth - init logger -> finished
[2018-12-18T13:09:21.786] [INFO] oth - init mysql_pool -> finished
[2018-12-18T13:09:21.790] [INFO] oth - init sqls -> finished
[2018-12-18T13:09:22.375] [INFO] oth - start app by node -> finished
[2018-12-18T13:09:56.926] [INFO] oth - init logger -> finished
[2018-12-18T13:09:57.153] [INFO] oth - init mysql_pool -> finished
[2018-12-18T13:09:57.157] [INFO] oth - init sqls -> finished
[2018-12-18T13:10:03.909] [INFO] oth - start app by node -> finished
[2018-12-18T13:14:00.145] [INFO] oth - init logger -> finished
[2018-12-18T13:14:00.293] [INFO] oth - init mysql_pool -> finished
[2018-12-18T13:14:00.298] [INFO] oth - init sqls -> finished
[2018-12-18T13:14:02.947] [INFO] oth - start app by node -> finished
[2018-12-18T13:14:45.787] [INFO] oth - init logger -> finished
[2018-12-18T13:14:45.930] [INFO] oth - init mysql_pool -> finished
[2018-12-18T13:14:45.935] [INFO] oth - init sqls -> finished
[2018-12-18T13:14:48.450] [INFO] oth - start app by node -> finished
[2018-12-18T13:17:22.094] [INFO] oth - init logger -> finished
[2018-12-18T13:17:22.245] [INFO] oth - init mysql_pool -> finished
[2018-12-18T13:17:22.250] [INFO] oth - init sqls -> finished
[2018-12-18T13:17:24.502] [INFO] oth - start app by node -> finished
[2018-12-18T13:17:58.966] [INFO] oth - init logger -> finished
[2018-12-18T13:17:59.156] [INFO] oth - init mysql_pool -> finished
[2018-12-18T13:17:59.159] [INFO] oth - init sqls -> finished
[2018-12-18T13:18:01.866] [INFO] oth - start app by node -> finished
[2018-12-18T13:18:18.093] [INFO] oth - init logger -> finished
[2018-12-18T13:18:18.344] [INFO] oth - init mysql_pool -> finished
[2018-12-18T13:18:18.349] [INFO] oth - init sqls -> finished
[2018-12-18T13:18:22.432] [INFO] oth - start app by node -> finished
[2018-12-18T13:18:48.968] [INFO] oth - init logger -> finished
[2018-12-18T13:18:49.191] [INFO] oth - init mysql_pool -> finished
[2018-12-18T13:18:49.198] [INFO] oth - init sqls -> finished
[2018-12-18T13:19:02.349] [INFO] oth - start app by node -> finished
[2018-12-18T13:19:20.194] [INFO] oth - init logger -> finished
[2018-12-18T13:19:20.389] [INFO] oth - init mysql_pool -> finished
[2018-12-18T13:19:20.394] [INFO] oth - init sqls -> finished
[2018-12-18T13:19:22.931] [INFO] oth - start app by node -> finished
[2018-12-18T13:20:41.363] [INFO] oth - init logger -> finished
[2018-12-18T13:20:41.541] [INFO] oth - init mysql_pool -> finished
[2018-12-18T13:20:41.547] [INFO] oth - init sqls -> finished
[2018-12-18T13:20:48.524] [INFO] oth - start app by node -> finished
[2018-12-18T13:22:36.349] [INFO] oth - init logger -> finished
[2018-12-18T13:22:36.558] [INFO] oth - init mysql_pool -> finished
[2018-12-18T13:22:36.564] [INFO] oth - init sqls -> finished
[2018-12-18T13:22:39.981] [INFO] oth - start app by node -> finished
[2018-12-18T13:24:08.037] [INFO] oth - init logger -> finished
[2018-12-18T13:24:08.344] [INFO] oth - init mysql_pool -> finished
[2018-12-18T13:24:08.349] [INFO] oth - init sqls -> finished
[2018-12-18T13:24:08.992] [INFO] oth - start app by node -> finished
[2018-12-18T13:26:36.566] [INFO] oth - init logger -> finished
[2018-12-18T13:26:36.747] [INFO] oth - init mysql_pool -> finished
[2018-12-18T13:26:36.752] [INFO] oth - init sqls -> finished
[2018-12-18T13:26:39.214] [INFO] oth - start app by node -> finished
[2018-12-18T13:32:00.517] [INFO] oth - init logger -> finished
[2018-12-18T13:32:00.723] [INFO] oth - init mysql_pool -> finished
[2018-12-18T13:32:00.728] [INFO] oth - init sqls -> finished
[2018-12-18T13:32:05.812] [INFO] oth - start app by node -> finished
[2018-12-18T13:32:27.318] [INFO] oth - init logger -> finished
[2018-12-18T13:32:27.480] [INFO] oth - init mysql_pool -> finished
[2018-12-18T13:32:27.485] [INFO] oth - init sqls -> finished
[2018-12-18T13:32:29.689] [INFO] oth - start app by node -> finished
[2018-12-18T13:33:45.131] [INFO] oth - init logger -> finished
[2018-12-18T13:33:45.277] [INFO] oth - init mysql_pool -> finished
[2018-12-18T13:33:45.283] [INFO] oth - init sqls -> finished
[2018-12-18T13:33:46.035] [INFO] oth - start app by node -> finished
[2018-12-18T13:34:20.205] [INFO] oth - init logger -> finished
[2018-12-18T13:34:20.355] [INFO] oth - init mysql_pool -> finished
[2018-12-18T13:34:20.361] [INFO] oth - init sqls -> finished
[2018-12-18T13:34:20.940] [INFO] oth - start app by node -> finished
[2018-12-18T13:34:50.972] [INFO] oth - init logger -> finished
[2018-12-18T13:34:51.114] [INFO] oth - init mysql_pool -> finished
[2018-12-18T13:34:51.119] [INFO] oth - init sqls -> finished
[2018-12-18T13:34:51.734] [INFO] oth - start app by node -> finished
[2018-12-18T13:49:33.750] [INFO] oth - init logger -> finished
[2018-12-18T13:49:33.907] [INFO] oth - init mysql_pool -> finished
[2018-12-18T13:49:33.913] [INFO] oth - init sqls -> finished
[2018-12-18T13:49:34.524] [INFO] oth - start app by node -> finished
[2018-12-18T13:49:59.096] [INFO] oth - init logger -> finished
[2018-12-18T13:49:59.249] [INFO] oth - init mysql_pool -> finished
[2018-12-18T13:49:59.255] [INFO] oth - init sqls -> finished
[2018-12-18T13:49:59.879] [INFO] oth - start app by node -> finished
[2018-12-18T13:52:32.861] [INFO] oth - init logger -> finished
[2018-12-18T13:52:32.993] [INFO] oth - init mysql_pool -> finished
[2018-12-18T13:52:32.997] [INFO] oth - init sqls -> finished
[2018-12-18T13:52:33.556] [INFO] oth - start app by node -> finished
[2018-12-18T14:57:04.635] [INFO] oth - init logger -> finished
[2018-12-18T14:57:04.797] [INFO] oth - init mysql_pool -> finished
[2018-12-18T14:57:04.801] [INFO] oth - init sqls -> finished
[2018-12-18T14:57:05.384] [INFO] oth - start app by node -> finished
[2018-12-18T15:15:44.083] [INFO] oth - init logger -> finished
[2018-12-18T15:15:44.266] [INFO] oth - init mysql_pool -> finished
[2018-12-18T15:15:44.269] [INFO] oth - init sqls -> finished
[2018-12-18T15:15:44.893] [INFO] oth - start app by node -> finished
[2018-12-18T15:16:08.286] [INFO] oth - init logger -> finished
[2018-12-18T15:16:08.429] [INFO] oth - init mysql_pool -> finished
[2018-12-18T15:16:08.435] [INFO] oth - init sqls -> finished
[2018-12-18T15:16:09.006] [INFO] oth - start app by node -> finished
[2018-12-18T15:23:55.390] [INFO] oth - init logger -> finished
[2018-12-18T15:23:55.546] [INFO] oth - init mysql_pool -> finished
[2018-12-18T15:23:55.552] [INFO] oth - init sqls -> finished
[2018-12-18T15:23:56.285] [INFO] oth - start app by node -> finished
[2018-12-18T15:26:16.150] [INFO] oth - init logger -> finished
[2018-12-18T15:26:16.292] [INFO] oth - init mysql_pool -> finished
[2018-12-18T15:26:16.296] [INFO] oth - init sqls -> finished
[2018-12-18T15:26:16.855] [INFO] oth - start app by node -> finished
[2018-12-18T15:27:09.574] [INFO] oth - init logger -> finished
[2018-12-18T15:27:09.706] [INFO] oth - init mysql_pool -> finished
[2018-12-18T15:27:09.710] [INFO] oth - init sqls -> finished
[2018-12-18T15:27:10.266] [INFO] oth - start app by node -> finished
[2018-12-18T15:39:55.773] [INFO] oth - init logger -> finished
[2018-12-18T15:39:55.906] [INFO] oth - init mysql_pool -> finished
[2018-12-18T15:39:55.911] [INFO] oth - init sqls -> finished
[2018-12-18T15:39:56.503] [INFO] oth - start app by node -> finished
[2018-12-18T16:11:44.564] [INFO] oth - init logger -> finished
[2018-12-18T16:11:44.734] [INFO] oth - init mysql_pool -> finished
[2018-12-18T16:11:44.747] [INFO] oth - init sqls -> finished
[2018-12-18T16:11:45.436] [INFO] oth - start app by node -> finished
[2018-12-18T16:29:07.452] [INFO] oth - init logger -> finished
[2018-12-18T16:29:07.658] [INFO] oth - init mysql_pool -> finished
[2018-12-18T16:29:07.664] [INFO] oth - init sqls -> finished
[2018-12-18T16:29:08.501] [INFO] oth - start app by node -> finished
[2018-12-18T16:29:25.580] [INFO] oth - init logger -> finished
[2018-12-18T16:29:25.747] [INFO] oth - init mysql_pool -> finished
[2018-12-18T16:29:25.756] [INFO] oth - init sqls -> finished
[2018-12-18T16:29:26.391] [INFO] oth - start app by node -> finished
[2018-12-18T16:30:04.460] [INFO] oth - init logger -> finished
[2018-12-18T16:30:04.606] [INFO] oth - init mysql_pool -> finished
[2018-12-18T16:30:04.612] [INFO] oth - init sqls -> finished
[2018-12-18T16:30:05.194] [INFO] oth - start app by node -> finished
[2018-12-18T16:34:06.620] [INFO] oth - request ->请求无效资源
[2018-12-18T16:34:43.713] [INFO] oth - get connection success
[2018-12-18T16:34:43.741] [INFO] oth - release connection -> success
[2018-12-18T16:34:43.742] [INFO] oth - d:\backup\ecservice\node_app\changhai\service\authority\login.js:5
        let result = await conn.queryAsync(sql.findUserByAccount, [user]);
                           ^^^^

SyntaxError: Unexpected identifier
    at createScript (vm.js:80:10)
    at Object.runInThisContext (vm.js:139:10)
    at Module._compile (module.js:607:28)
    at Object.Module._extensions..js (module.js:654:10)
    at Module.load (module.js:556:32)
    at tryModuleLoad (module.js:499:12)
    at Function.Module._load (module.js:491:3)
    at Module.require (module.js:587:17)
    at require (internal/module.js:11:18)
    at service (d:\backup\ecservice\node_app\init.js:78:22)
[2018-12-18T16:35:09.953] [INFO] oth - init logger -> finished
[2018-12-18T16:35:10.137] [INFO] oth - init mysql_pool -> finished
[2018-12-18T16:35:10.142] [INFO] oth - init sqls -> finished
[2018-12-18T16:35:10.804] [INFO] oth - start app by node -> finished
[2018-12-18T16:35:15.542] [INFO] oth - get connection success
[2018-12-18T16:35:15.561] [INFO] oth - release connection -> success
[2018-12-18T16:35:15.563] [INFO] oth - D:\backup\ecservice\node_app\changhai\service\authority\login.js:5
        let result = await conn.queryAsync(sql.findUserByAccount, [user]);
                           ^^^^

SyntaxError: Unexpected identifier
    at createScript (vm.js:80:10)
    at Object.runInThisContext (vm.js:139:10)
    at Module._compile (module.js:607:28)
    at Object.Module._extensions..js (module.js:654:10)
    at Module.load (module.js:556:32)
    at tryModuleLoad (module.js:499:12)
    at Function.Module._load (module.js:491:3)
    at Module.require (module.js:587:17)
    at require (internal/module.js:11:18)
    at service (D:\backup\ecservice\node_app\init.js:78:22)
[2018-12-18T16:36:05.118] [INFO] oth - get connection success
[2018-12-18T16:36:05.136] [INFO] oth - release connection -> success
[2018-12-18T16:36:05.140] [INFO] oth - D:\backup\ecservice\node_app\changhai\service\authority\login.js:5
        let result = await conn.queryAsync(sql.findUserByAccount, [user]);
                           ^^^^

SyntaxError: Unexpected identifier
    at createScript (vm.js:80:10)
    at Object.runInThisContext (vm.js:139:10)
    at Module._compile (module.js:607:28)
    at Object.Module._extensions..js (module.js:654:10)
    at Module.load (module.js:556:32)
    at tryModuleLoad (module.js:499:12)
    at Function.Module._load (module.js:491:3)
    at Module.require (module.js:587:17)
    at require (internal/module.js:11:18)
    at service (D:\backup\ecservice\node_app\init.js:78:22)
[2018-12-18T16:36:44.949] [INFO] oth - init logger -> finished
[2018-12-18T16:36:45.106] [INFO] oth - init mysql_pool -> finished
[2018-12-18T16:36:45.110] [INFO] oth - init sqls -> finished
[2018-12-18T16:36:45.693] [INFO] oth - start app by node -> finished
[2018-12-18T16:36:52.767] [INFO] oth - get connection success
[2018-12-18T16:36:52.841] [INFO] oth - release connection -> success
[2018-12-18T16:36:52.842] [INFO] oth - TypeError: Cannot read property 'loginSQL' of undefined
    at Object.<anonymous> (D:\backup\ecservice\node_app\changhai\service\authority\login.js:1:90)
    at Module._compile (module.js:643:30)
    at Object.Module._extensions..js (module.js:654:10)
    at Module.load (module.js:556:32)
    at tryModuleLoad (module.js:499:12)
    at Function.Module._load (module.js:491:3)
    at Module.require (module.js:587:17)
    at require (internal/module.js:11:18)
    at service (D:\backup\ecservice\node_app\init.js:78:22)
    at <anonymous>
[2018-12-18T16:37:19.255] [INFO] oth - get connection success
[2018-12-18T16:38:50.898] [INFO] oth - init logger -> finished
[2018-12-18T16:38:51.060] [INFO] oth - init mysql_pool -> finished
[2018-12-18T16:38:51.068] [INFO] oth - init sqls -> finished
[2018-12-18T16:38:51.635] [INFO] oth - start app by node -> finished
[2018-12-18T16:38:55.058] [INFO] oth - get connection success
[2018-12-18T16:39:09.886] [INFO] oth - release connection -> success
[2018-12-18T16:39:27.432] [INFO] oth - init logger -> finished
[2018-12-18T16:39:27.610] [INFO] oth - init mysql_pool -> finished
[2018-12-18T16:39:27.620] [INFO] oth - init sqls -> finished
[2018-12-18T16:39:28.374] [INFO] oth - start app by node -> finished
[2018-12-18T16:39:32.865] [INFO] oth - get connection success
[2018-12-18T16:39:36.015] [INFO] oth - release connection -> success
[2018-12-18T16:40:13.774] [INFO] oth - init logger -> finished
[2018-12-18T16:40:13.945] [INFO] oth - init mysql_pool -> finished
[2018-12-18T16:40:13.952] [INFO] oth - init sqls -> finished
[2018-12-18T16:40:14.578] [INFO] oth - start app by node -> finished
[2018-12-18T16:40:19.840] [INFO] oth - get connection success
[2018-12-18T16:40:52.774] [INFO] oth - release connection -> success
[2018-12-18T16:41:15.765] [INFO] oth - init logger -> finished
[2018-12-18T16:41:15.935] [INFO] oth - init mysql_pool -> finished
[2018-12-18T16:41:15.941] [INFO] oth - init sqls -> finished
[2018-12-18T16:41:16.585] [INFO] oth - start app by node -> finished
[2018-12-18T16:41:21.407] [INFO] oth - get connection success
[2018-12-18T16:41:22.623] [INFO] oth - release connection -> success
[2018-12-18T16:41:22.629] [INFO] oth - TypeError: Cannot read property 'findUserByAccount' of undefined
    at login (D:\backup\ecservice\node_app\changhai\service\authority\login.js:5:48)
    at service (D:\backup\ecservice\node_app\init.js:81:32)
    at <anonymous>
    at process._tickCallback (internal/process/next_tick.js:188:7)
[2018-12-18T16:41:56.906] [INFO] oth - init logger -> finished
[2018-12-18T16:41:57.078] [INFO] oth - init mysql_pool -> finished
[2018-12-18T16:41:57.086] [INFO] oth - init sqls -> finished
[2018-12-18T16:41:57.707] [INFO] oth - start app by node -> finished
[2018-12-18T16:41:59.354] [INFO] oth - get connection success
[2018-12-18T16:41:59.377] [INFO] oth - release connection -> success
[2018-12-18T16:41:59.380] [INFO] oth - TypeError: Cannot read property 'findUserByAccount' of undefined
    at login (D:\backup\ecservice\node_app\changhai\service\authority\login.js:5:48)
    at service (D:\backup\ecservice\node_app\init.js:81:32)
    at <anonymous>
    at process._tickCallback (internal/process/next_tick.js:188:7)
[2018-12-18T16:42:35.080] [INFO] oth - init logger -> finished
[2018-12-18T16:42:35.260] [INFO] oth - init mysql_pool -> finished
[2018-12-18T16:42:35.271] [INFO] oth - init sqls -> finished
[2018-12-18T16:42:35.845] [INFO] oth - start app by node -> finished
[2018-12-18T16:42:41.213] [INFO] oth - get connection success
[2018-12-18T16:42:41.240] [INFO] oth - release connection -> success
[2018-12-18T16:42:41.242] [INFO] oth - TypeError: Cannot read property 'findUserByAccount' of undefined
    at login (D:\backup\ecservice\node_app\changhai\service\authority\login.js:5:48)
    at service (D:\backup\ecservice\node_app\init.js:81:32)
    at <anonymous>
    at process._tickCallback (internal/process/next_tick.js:188:7)
[2018-12-18T16:43:16.091] [INFO] oth - init logger -> finished
[2018-12-18T16:43:16.250] [INFO] oth - init mysql_pool -> finished
[2018-12-18T16:43:16.257] [INFO] oth - init sqls -> finished
[2018-12-18T16:43:16.893] [INFO] oth - start app by node -> finished
[2018-12-18T16:43:28.891] [INFO] oth - get connection success
[2018-12-18T16:43:28.912] [INFO] oth - sql -> select name,code from user where code = ?
[2018-12-18T16:43:28.914] [INFO] oth - sqlParam -> [ 'test' ]
[2018-12-18T16:43:28.936] [INFO] oth - release connection -> success
[2018-12-18T16:43:28.938] [INFO] oth - { Error: ER_BAD_FIELD_ERROR: Unknown column 'code' in 'field list'
    at Query.Sequence._packetToError (D:\backup\ecservice\node_app\node_modules\mysql\lib\protocol\sequences\Sequence.js:47:14)
    at Query.ErrorPacket (D:\backup\ecservice\node_app\node_modules\mysql\lib\protocol\sequences\Query.js:77:18)
    at Protocol._parsePacket (D:\backup\ecservice\node_app\node_modules\mysql\lib\protocol\Protocol.js:278:23)
    at Parser.write (D:\backup\ecservice\node_app\node_modules\mysql\lib\protocol\Parser.js:76:12)
    at Protocol.write (D:\backup\ecservice\node_app\node_modules\mysql\lib\protocol\Protocol.js:38:16)
    at Socket.<anonymous> (D:\backup\ecservice\node_app\node_modules\mysql\lib\Connection.js:91:28)
    at Socket.<anonymous> (D:\backup\ecservice\node_app\node_modules\mysql\lib\Connection.js:502:10)
    at emitOne (events.js:116:13)
    at Socket.emit (events.js:211:7)
    at addChunk (_stream_readable.js:263:12)
    --------------------
    at Protocol._enqueue (D:\backup\ecservice\node_app\node_modules\mysql\lib\protocol\Protocol.js:144:48)
    at PoolConnection.query (D:\backup\ecservice\node_app\node_modules\mysql\lib\Connection.js:200:25)
    at Promise (D:\backup\ecservice\node_app\init.js:28:26)
    at new Promise (<anonymous>)
    at PoolConnection.con.queryAsync.args [as queryAsync] (D:\backup\ecservice\node_app\init.js:24:16)
    at login (D:\backup\ecservice\node_app\changhai\service\authority\login.js:5:33)
    at service (D:\backup\ecservice\node_app\init.js:81:32)
    at <anonymous>
    at process._tickCallback (internal/process/next_tick.js:188:7)
  code: 'ER_BAD_FIELD_ERROR',
  errno: 1054,
  sqlMessage: 'Unknown column \'code\' in \'field list\'',
  sqlState: '42S22',
  index: 0,
  sql: 'select name,code from user where code = \'test\'' }
[2018-12-18T17:02:57.320] [INFO] oth - init logger -> finished
[2018-12-18T17:02:57.411] [INFO] oth - init mysql_pool -> finished
[2018-12-18T17:02:57.415] [INFO] oth - init sqls -> finished
[2018-12-18T17:02:57.590] [INFO] oth - load common -> finished
[2018-12-18T17:02:57.810] [INFO] oth - start app by node -> finished
[2018-12-18T17:03:05.409] [INFO] oth - get connection success
[2018-12-18T17:03:05.426] [INFO] oth - release connection -> success
[2018-12-18T17:03:05.426] [INFO] oth - TypeError: Data must be a string or a buffer
    at Hash.update (crypto.js:99:16)
    at global.md5 (D:\backup\ecservice\node_app\common.js:18:16)
    at login (D:\backup\ecservice\node_app\changhai\service\authority\login.js:5:24)
    at service (D:\backup\ecservice\node_app\init.js:81:32)
    at <anonymous>
    at process._tickCallback (internal/process/next_tick.js:188:7)
[2018-12-18T17:03:48.315] [INFO] oth - init logger -> finished
[2018-12-18T17:03:48.510] [INFO] oth - init mysql_pool -> finished
[2018-12-18T17:03:48.515] [INFO] oth - init sqls -> finished
[2018-12-18T17:03:48.709] [INFO] oth - load common -> finished
[2018-12-18T17:03:49.086] [INFO] oth - start app by node -> finished
[2018-12-18T17:04:02.885] [INFO] oth - get connection success
[2018-12-18T17:04:02.900] [INFO] oth - sql -> select name,code from user_account where code = ?
[2018-12-18T17:04:02.900] [INFO] oth - sqlParam -> [ 'test' ]
[2018-12-18T17:04:02.908] [INFO] oth - execute time-> 7ms
[2018-12-18T17:04:02.909] [INFO] oth - release connection -> success
[2018-12-18T17:04:21.475] [INFO] oth - init logger -> finished
[2018-12-18T17:04:21.657] [INFO] oth - init mysql_pool -> finished
[2018-12-18T17:04:21.661] [INFO] oth - init sqls -> finished
[2018-12-18T17:04:21.855] [INFO] oth - load common -> finished
[2018-12-18T17:04:22.131] [INFO] oth - start app by node -> finished
[2018-12-18T17:04:24.087] [INFO] oth - get connection success
[2018-12-18T17:04:24.104] [INFO] oth - sql -> select name,code from user_account where code = ?
[2018-12-18T17:04:24.104] [INFO] oth - sqlParam -> [ 'test' ]
[2018-12-18T17:04:24.109] [INFO] oth - execute time-> 4ms
[2018-12-18T17:04:24.110] [INFO] oth - release connection -> success
[2018-12-18T17:09:40.480] [INFO] oth - init logger -> finished
[2018-12-18T17:09:40.587] [INFO] oth - init mysql_pool -> finished
[2018-12-18T17:09:40.591] [INFO] oth - init sqls -> finished
[2018-12-18T17:09:40.802] [INFO] oth - load common -> finished
[2018-12-18T17:09:41.058] [INFO] oth - start app by node -> finished
[2018-12-18T17:10:08.897] [INFO] oth - get connection success
[2018-12-18T17:10:08.911] [INFO] oth - sql -> select name,code from user_account where code = ?
[2018-12-18T17:10:08.911] [INFO] oth - sqlParam -> [ 'test' ]
[2018-12-18T17:10:08.916] [INFO] oth - execute time-> 4ms
[2018-12-18T17:10:08.917] [INFO] oth - release connection -> success
[2018-12-18T17:10:08.917] [INFO] oth - login fail
[2018-12-18T17:10:13.326] [INFO] oth - get connection success
[2018-12-18T17:10:13.328] [INFO] oth - sql -> select name,code from user_account where code = ?
[2018-12-18T17:10:13.328] [INFO] oth - sqlParam -> [ 'test' ]
[2018-12-18T17:10:13.329] [INFO] oth - execute time-> 1ms
[2018-12-18T17:10:13.330] [INFO] oth - release connection -> success
[2018-12-18T17:10:13.331] [INFO] oth - login fail
[2018-12-18T17:10:57.086] [INFO] oth - init logger -> finished
[2018-12-18T17:10:57.200] [INFO] oth - init mysql_pool -> finished
[2018-12-18T17:10:57.204] [INFO] oth - init sqls -> finished
[2018-12-18T17:10:57.394] [INFO] oth - load common -> finished
[2018-12-18T17:10:57.645] [INFO] oth - start app by node -> finished
[2018-12-18T17:11:07.612] [INFO] oth - get connection success
[2018-12-18T17:11:07.630] [INFO] oth - sql -> select name,code from user_account where code = ?
[2018-12-18T17:11:07.630] [INFO] oth - sqlParam -> [ 'test' ]
[2018-12-18T17:11:07.636] [INFO] oth - execute time-> 5ms
[2018-12-18T17:11:07.638] [INFO] oth - release connection -> success
[2018-12-18T17:11:07.638] [INFO] oth - login fail
[2018-12-18T17:11:15.276] [INFO] oth - init logger -> finished
[2018-12-18T17:11:15.452] [INFO] oth - init mysql_pool -> finished
[2018-12-18T17:11:15.456] [INFO] oth - init sqls -> finished
[2018-12-18T17:11:15.637] [INFO] oth - load common -> finished
[2018-12-18T17:11:15.903] [INFO] oth - start app by node -> finished
[2018-12-18T17:11:20.276] [INFO] oth - init logger -> finished
[2018-12-18T17:11:20.431] [INFO] oth - init mysql_pool -> finished
[2018-12-18T17:11:20.438] [INFO] oth - init sqls -> finished
[2018-12-18T17:11:20.698] [INFO] oth - load common -> finished
[2018-12-18T17:11:21.107] [INFO] oth - start app by node -> finished
[2018-12-18T17:11:32.345] [INFO] oth - get connection success
[2018-12-18T17:11:32.442] [INFO] oth - sql -> select name,code from user_account where code = ?
[2018-12-18T17:11:32.443] [INFO] oth - sqlParam -> [ 'test' ]
[2018-12-18T17:11:32.449] [INFO] oth - execute time-> 5ms
[2018-12-18T17:14:34.621] [INFO] oth - release connection -> success
[2018-12-18T17:14:34.621] [INFO] oth - login fail
[2018-12-18T17:14:37.888] [INFO] oth - init logger -> finished
[2018-12-18T17:14:37.974] [INFO] oth - init mysql_pool -> finished
[2018-12-18T17:14:37.977] [INFO] oth - init sqls -> finished
[2018-12-18T17:14:38.302] [INFO] oth - load common -> finished
[2018-12-18T17:14:38.510] [INFO] oth - start app by node -> finished
[2018-12-18T17:14:43.114] [INFO] oth - get connection success
[2018-12-18T17:14:43.134] [INFO] oth - release connection -> success
[2018-12-18T17:14:43.134] [INFO] oth - ReferenceError: login_pwd is not defined
    at login (D:\backup\ecservice\node_app\changhai\service\authority\login.js:5:29)
    at service (D:\backup\ecservice\node_app\init.js:81:32)
    at <anonymous>
    at process._tickCallback (internal/process/next_tick.js:188:7)
[2018-12-18T17:14:55.831] [INFO] oth - get connection success
[2018-12-18T17:14:55.835] [INFO] oth - release connection -> success
[2018-12-18T17:14:55.835] [INFO] oth - ReferenceError: login_pwd is not defined
    at login (D:\backup\ecservice\node_app\changhai\service\authority\login.js:5:29)
    at service (D:\backup\ecservice\node_app\init.js:81:32)
    at <anonymous>
    at process._tickCallback (internal/process/next_tick.js:188:7)
[2018-12-18T17:15:10.585] [INFO] oth - init logger -> finished
[2018-12-18T17:15:10.738] [INFO] oth - init mysql_pool -> finished
[2018-12-18T17:15:10.745] [INFO] oth - init sqls -> finished
[2018-12-18T17:15:10.936] [INFO] oth - load common -> finished
[2018-12-18T17:15:11.232] [INFO] oth - start app by node -> finished
[2018-12-18T17:15:18.295] [INFO] oth - get connection success
[2018-12-18T17:15:18.316] [INFO] oth - release connection -> success
[2018-12-18T17:15:18.316] [INFO] oth - ReferenceError: user is not defined
    at login (D:\backup\ecservice\node_app\changhai\service\authority\login.js:6:68)
    at service (D:\backup\ecservice\node_app\init.js:81:32)
    at <anonymous>
    at process._tickCallback (internal/process/next_tick.js:188:7)
[2018-12-18T17:15:36.419] [INFO] oth - init logger -> finished
[2018-12-18T17:15:36.644] [INFO] oth - init mysql_pool -> finished
[2018-12-18T17:15:36.647] [INFO] oth - init sqls -> finished
[2018-12-18T17:15:36.842] [INFO] oth - load common -> finished
[2018-12-18T17:15:37.281] [INFO] oth - start app by node -> finished
[2018-12-18T17:15:47.693] [INFO] oth - get connection success
[2018-12-18T17:15:47.710] [INFO] oth - sql -> select code,pwd from user_account where code = ?
[2018-12-18T17:15:47.711] [INFO] oth - sqlParam -> [ 'test' ]
[2018-12-18T17:15:47.715] [INFO] oth - execute time-> 4ms
[2018-12-18T17:15:47.716] [INFO] oth - release connection -> success
[2018-12-18T17:15:47.717] [INFO] oth - login fail
[2018-12-18T17:15:59.494] [INFO] oth - init logger -> finished
[2018-12-18T17:15:59.652] [INFO] oth - init mysql_pool -> finished
[2018-12-18T17:15:59.657] [INFO] oth - init sqls -> finished
[2018-12-18T17:15:59.931] [INFO] oth - load common -> finished
[2018-12-18T17:16:00.339] [INFO] oth - start app by node -> finished
[2018-12-18T17:16:02.639] [INFO] oth - get connection success
[2018-12-18T17:16:04.334] [INFO] oth - sql -> select code,pwd from user_account where code = ?
[2018-12-18T17:16:04.335] [INFO] oth - sqlParam -> [ 'test' ]
[2018-12-18T17:16:04.340] [INFO] oth - execute time-> 5ms
[2018-12-18T17:17:19.397] [INFO] oth - release connection -> success
[2018-12-18T17:17:19.902] [INFO] oth - login fail
[2018-12-18T17:17:26.331] [INFO] oth - init logger -> finished
[2018-12-18T17:17:26.599] [INFO] oth - init mysql_pool -> finished
[2018-12-18T17:17:26.606] [INFO] oth - init sqls -> finished
[2018-12-18T17:17:26.895] [INFO] oth - load common -> finished
[2018-12-18T17:17:27.143] [INFO] oth - start app by node -> finished
[2018-12-18T17:17:44.704] [INFO] oth - get connection success
[2018-12-18T17:17:44.720] [INFO] oth - sql -> select code,pwd from user_account where code = ?
[2018-12-18T17:17:44.721] [INFO] oth - sqlParam -> [ 'test' ]
[2018-12-18T17:17:44.727] [INFO] oth - execute time-> 6ms
[2018-12-18T17:17:44.728] [INFO] oth - release connection -> success
[2018-12-18T17:17:49.876] [INFO] oth - get connection success
[2018-12-18T17:17:49.878] [INFO] oth - sql -> select code,pwd from user_account where code = ?
[2018-12-18T17:17:49.878] [INFO] oth - sqlParam -> [ 'test' ]
[2018-12-18T17:17:49.880] [INFO] oth - execute time-> 1ms
[2018-12-18T17:17:49.881] [INFO] oth - release connection -> success
[2018-12-18T17:17:49.882] [INFO] oth - login fail
[2018-12-18T17:26:16.741] [INFO] oth - init logger -> finished
[2018-12-18T17:26:17.087] [INFO] oth - init mysql_pool -> finished
[2018-12-18T17:26:17.102] [INFO] oth - init sqls -> finished
[2018-12-18T17:26:17.872] [INFO] oth - load common -> finished
[2018-12-18T17:26:19.059] [INFO] oth - start app by node -> finished
[2018-12-18T17:32:41.699] [INFO] oth - init logger -> finished
[2018-12-18T17:32:41.888] [INFO] oth - init mysql_pool -> finished
[2018-12-18T17:32:41.898] [INFO] oth - init sqls -> finished
[2018-12-18T17:32:42.245] [INFO] oth - load common -> finished
[2018-12-18T17:32:42.652] [INFO] oth - start app by node -> finished
[2018-12-18T17:36:51.062] [INFO] oth - init logger -> finished
[2018-12-18T17:36:51.263] [INFO] oth - init mysql_pool -> finished
[2018-12-18T17:36:51.269] [INFO] oth - init sqls -> finished
[2018-12-18T17:36:51.537] [INFO] oth - load common -> finished
[2018-12-18T17:36:51.944] [INFO] oth - start app by node -> finished
