[2018-11-23T09:08:41.078] [INFO] oth - init logger -> finished
[2018-11-23T09:08:41.656] [INFO] oth - init mysql_pool -> finished
[2018-11-23T09:08:41.671] [INFO] oth - init sqls -> finished
[2018-11-23T09:08:44.401] [INFO] oth - start app by node -> finished
[2018-11-23T09:12:51.471] [INFO] oth - init logger -> finished
[2018-11-23T09:12:51.543] [INFO] oth - init mysql_pool -> finished
[2018-11-23T09:12:51.545] [INFO] oth - init sqls -> finished
[2018-11-23T09:12:51.763] [INFO] oth - start app by node -> finished
[2018-11-23T09:12:58.319] [INFO] oth - get connection success
[2018-11-23T09:12:58.331] [INFO] oth - sql -> insert into user values (0, '111', 22, '19930202')
[2018-11-23T09:12:58.331] [INFO] oth - sqlParam -> []
[2018-11-23T09:12:58.373] [INFO] oth - execute -> 42ms
[2018-11-23T09:12:58.374] [INFO] oth - release connection -> success
[2018-11-23T09:13:20.997] [INFO] oth - init logger -> finished
[2018-11-23T09:13:21.069] [INFO] oth - init mysql_pool -> finished
[2018-11-23T09:13:21.072] [INFO] oth - init sqls -> finished
[2018-11-23T09:13:21.242] [INFO] oth - start app by node -> finished
[2018-11-23T09:13:25.402] [INFO] oth - get connection success
[2018-11-23T09:13:25.417] [INFO] oth - sql -> insert into user values (0, '111', 22, '19930202')
[2018-11-23T09:13:25.417] [INFO] oth - sqlParam -> []
[2018-11-23T09:13:25.450] [INFO] oth - execute time-> 33ms
[2018-11-23T09:13:25.451] [INFO] oth - release connection -> success
[2018-11-23T09:43:23.373] [INFO] oth - init logger -> finished
[2018-11-23T09:43:23.442] [INFO] oth - init mysql_pool -> finished
[2018-11-23T09:43:23.445] [INFO] oth - init sqls -> finished
[2018-11-23T09:43:23.614] [INFO] oth - start app by node -> finished
[2018-11-23T09:48:50.556] [INFO] oth - init logger -> finished
[2018-11-23T09:48:50.658] [INFO] oth - init mysql_pool -> finished
[2018-11-23T09:48:50.661] [INFO] oth - init sqls -> finished
[2018-11-23T09:48:51.200] [INFO] oth - start app by node -> finished
[2018-11-23T09:49:06.421] [INFO] oth - init logger -> finished
[2018-11-23T09:49:06.493] [INFO] oth - init mysql_pool -> finished
[2018-11-23T09:49:06.496] [INFO] oth - init sqls -> finished
[2018-11-23T09:49:06.839] [INFO] oth - start app by node -> finished
[2018-11-23T09:49:10.016] [INFO] oth - 
[2018-11-23T09:49:10.068] [INFO] oth - 
[2018-11-23T09:49:23.716] [INFO] oth - init logger -> finished
[2018-11-23T09:49:23.787] [INFO] oth - init mysql_pool -> finished
[2018-11-23T09:49:23.789] [INFO] oth - init sqls -> finished
[2018-11-23T09:49:23.958] [INFO] oth - start app by node -> finished
[2018-11-23T09:49:26.583] [INFO] oth - request ->请求无效资源
[2018-11-23T09:49:46.859] [INFO] oth - request ->请求无效资源
[2018-11-23T09:49:59.900] [INFO] oth - get connection success
[2018-11-23T09:49:59.920] [INFO] oth - sql -> select * from user
[2018-11-23T09:49:59.920] [INFO] oth - sqlParam -> []
[2018-11-23T09:49:59.927] [INFO] oth - execute time-> 6ms
[2018-11-23T09:49:59.927] [INFO] oth - release connection -> success
[2018-11-23T09:51:11.702] [INFO] oth - get connection success
[2018-11-23T09:51:11.704] [INFO] oth - sql -> select * from user
[2018-11-23T09:51:11.704] [INFO] oth - sqlParam -> []
[2018-11-23T09:51:11.705] [INFO] oth - execute time-> 1ms
[2018-11-23T09:51:11.706] [INFO] oth - release connection -> success
[2018-11-23T09:52:08.421] [INFO] oth - get connection success
[2018-11-23T09:52:08.422] [INFO] oth - sql -> select * from user
[2018-11-23T09:52:08.422] [INFO] oth - sqlParam -> []
[2018-11-23T09:52:08.423] [INFO] oth - execute time-> 1ms
[2018-11-23T09:52:08.424] [INFO] oth - release connection -> success
[2018-11-23T09:52:10.981] [INFO] oth - get connection success
[2018-11-23T09:52:10.981] [INFO] oth - sql -> select * from user
[2018-11-23T09:52:10.981] [INFO] oth - sqlParam -> []
[2018-11-23T09:52:10.983] [INFO] oth - execute time-> 1ms
[2018-11-23T09:52:10.983] [INFO] oth - release connection -> success
[2018-11-23T09:52:14.749] [INFO] oth - get connection success
[2018-11-23T09:52:14.750] [INFO] oth - sql -> select * from user
[2018-11-23T09:52:14.750] [INFO] oth - sqlParam -> []
[2018-11-23T09:52:14.751] [INFO] oth - execute time-> 1ms
[2018-11-23T09:52:14.752] [INFO] oth - release connection -> success
[2018-11-23T09:52:24.208] [INFO] oth - get connection success
[2018-11-23T09:52:24.208] [INFO] oth - sql -> select * from user
[2018-11-23T09:52:24.208] [INFO] oth - sqlParam -> []
[2018-11-23T09:52:24.210] [INFO] oth - execute time-> 2ms
[2018-11-23T09:52:24.210] [INFO] oth - release connection -> success
[2018-11-23T09:53:20.391] [INFO] oth - get connection success
[2018-11-23T09:53:20.393] [INFO] oth - sql -> select * from user
[2018-11-23T09:53:20.394] [INFO] oth - sqlParam -> []
[2018-11-23T09:53:20.395] [INFO] oth - execute time-> 1ms
[2018-11-23T09:53:20.396] [INFO] oth - release connection -> success
[2018-11-23T09:53:21.060] [INFO] oth - get connection success
[2018-11-23T09:53:21.061] [INFO] oth - sql -> select * from user
[2018-11-23T09:53:21.061] [INFO] oth - sqlParam -> []
[2018-11-23T09:53:21.063] [INFO] oth - execute time-> 2ms
[2018-11-23T09:53:21.063] [INFO] oth - release connection -> success
[2018-11-23T09:53:21.243] [INFO] oth - get connection success
[2018-11-23T09:53:21.243] [INFO] oth - sql -> select * from user
[2018-11-23T09:53:21.243] [INFO] oth - sqlParam -> []
[2018-11-23T09:53:21.245] [INFO] oth - execute time-> 1ms
[2018-11-23T09:53:21.245] [INFO] oth - release connection -> success
[2018-11-23T09:53:21.391] [INFO] oth - get connection success
[2018-11-23T09:53:21.391] [INFO] oth - sql -> select * from user
[2018-11-23T09:53:21.392] [INFO] oth - sqlParam -> []
[2018-11-23T09:53:21.393] [INFO] oth - execute time-> 1ms
[2018-11-23T09:53:21.393] [INFO] oth - release connection -> success
[2018-11-23T09:53:21.596] [INFO] oth - get connection success
[2018-11-23T09:53:21.597] [INFO] oth - sql -> select * from user
[2018-11-23T09:53:21.597] [INFO] oth - sqlParam -> []
[2018-11-23T09:53:21.599] [INFO] oth - execute time-> 2ms
[2018-11-23T09:53:21.599] [INFO] oth - release connection -> success
[2018-11-23T09:53:26.233] [INFO] oth - request ->请求无效资源
[2018-11-23T09:53:43.378] [INFO] oth - request ->请求无效资源
[2018-11-23T09:53:52.051] [INFO] oth - get connection success
[2018-11-23T09:53:52.051] [INFO] oth - sql -> select * from user
[2018-11-23T09:53:52.052] [INFO] oth - sqlParam -> []
[2018-11-23T09:53:52.053] [INFO] oth - execute time-> 1ms
[2018-11-23T09:53:52.054] [INFO] oth - release connection -> success
[2018-11-23T09:54:07.734] [INFO] oth - get connection success
[2018-11-23T09:54:07.734] [INFO] oth - sql -> select * from user
[2018-11-23T09:54:07.735] [INFO] oth - sqlParam -> []
[2018-11-23T09:54:07.736] [INFO] oth - execute time-> 1ms
[2018-11-23T09:54:07.736] [INFO] oth - release connection -> success
[2018-11-23T09:54:10.993] [INFO] oth - get connection success
[2018-11-23T09:54:10.994] [INFO] oth - sql -> select * from user
[2018-11-23T09:54:10.994] [INFO] oth - sqlParam -> []
[2018-11-23T09:54:10.996] [INFO] oth - execute time-> 2ms
[2018-11-23T09:54:10.996] [INFO] oth - release connection -> success
[2018-11-23T09:54:14.017] [INFO] oth - get connection success
[2018-11-23T09:54:14.018] [INFO] oth - sql -> select * from user
[2018-11-23T09:54:14.018] [INFO] oth - sqlParam -> []
[2018-11-23T09:54:14.020] [INFO] oth - execute time-> 2ms
[2018-11-23T09:54:14.020] [INFO] oth - release connection -> success
[2018-11-23T09:54:40.950] [INFO] oth - get connection success
[2018-11-23T09:54:40.950] [INFO] oth - sql -> select * from user
[2018-11-23T09:54:40.951] [INFO] oth - sqlParam -> []
[2018-11-23T09:54:40.953] [INFO] oth - execute time-> 2ms
[2018-11-23T09:54:40.953] [INFO] oth - release connection -> success
[2018-11-23T09:54:41.478] [INFO] oth - get connection success
[2018-11-23T09:54:41.478] [INFO] oth - sql -> select * from user
[2018-11-23T09:54:41.479] [INFO] oth - sqlParam -> []
[2018-11-23T09:54:41.480] [INFO] oth - execute time-> 1ms
[2018-11-23T09:54:41.481] [INFO] oth - release connection -> success
[2018-11-23T09:54:41.677] [INFO] oth - get connection success
[2018-11-23T09:54:41.678] [INFO] oth - sql -> select * from user
[2018-11-23T09:54:41.678] [INFO] oth - sqlParam -> []
[2018-11-23T09:54:41.679] [INFO] oth - execute time-> 1ms
[2018-11-23T09:54:41.680] [INFO] oth - release connection -> success
[2018-11-23T09:54:41.883] [INFO] oth - get connection success
[2018-11-23T09:54:41.884] [INFO] oth - sql -> select * from user
[2018-11-23T09:54:41.884] [INFO] oth - sqlParam -> []
[2018-11-23T09:54:41.885] [INFO] oth - execute time-> 1ms
[2018-11-23T09:54:41.886] [INFO] oth - release connection -> success
[2018-11-23T09:54:42.022] [INFO] oth - get connection success
[2018-11-23T09:54:42.022] [INFO] oth - sql -> select * from user
[2018-11-23T09:54:42.022] [INFO] oth - sqlParam -> []
[2018-11-23T09:54:42.025] [INFO] oth - execute time-> 3ms
[2018-11-23T09:54:42.025] [INFO] oth - release connection -> success
[2018-11-23T09:54:42.194] [INFO] oth - get connection success
[2018-11-23T09:54:42.195] [INFO] oth - sql -> select * from user
[2018-11-23T09:54:42.195] [INFO] oth - sqlParam -> []
[2018-11-23T09:54:42.197] [INFO] oth - execute time-> 2ms
[2018-11-23T09:54:42.197] [INFO] oth - release connection -> success
[2018-11-23T09:54:55.622] [INFO] oth - get connection success
[2018-11-23T09:54:55.623] [INFO] oth - sql -> select * from user
[2018-11-23T09:54:55.623] [INFO] oth - sqlParam -> []
[2018-11-23T09:54:55.626] [INFO] oth - execute time-> 3ms
[2018-11-23T09:54:55.626] [INFO] oth - release connection -> success
[2018-11-23T09:54:56.366] [INFO] oth - get connection success
[2018-11-23T09:54:56.367] [INFO] oth - sql -> select * from user
[2018-11-23T09:54:56.367] [INFO] oth - sqlParam -> []
[2018-11-23T09:54:56.368] [INFO] oth - execute time-> 1ms
[2018-11-23T09:54:56.368] [INFO] oth - release connection -> success
[2018-11-23T09:54:56.550] [INFO] oth - get connection success
[2018-11-23T09:54:56.550] [INFO] oth - sql -> select * from user
[2018-11-23T09:54:56.550] [INFO] oth - sqlParam -> []
[2018-11-23T09:54:56.551] [INFO] oth - execute time-> 1ms
[2018-11-23T09:54:56.552] [INFO] oth - release connection -> success
[2018-11-23T09:54:56.808] [INFO] oth - get connection success
[2018-11-23T09:54:56.808] [INFO] oth - sql -> select * from user
[2018-11-23T09:54:56.808] [INFO] oth - sqlParam -> []
[2018-11-23T09:54:56.810] [INFO] oth - execute time-> 1ms
[2018-11-23T09:54:56.811] [INFO] oth - release connection -> success
[2018-11-23T09:54:56.965] [INFO] oth - get connection success
[2018-11-23T09:54:56.966] [INFO] oth - sql -> select * from user
[2018-11-23T09:54:56.966] [INFO] oth - sqlParam -> []
[2018-11-23T09:54:56.967] [INFO] oth - execute time-> 1ms
[2018-11-23T09:54:56.967] [INFO] oth - release connection -> success
[2018-11-23T09:54:57.134] [INFO] oth - get connection success
[2018-11-23T09:54:57.134] [INFO] oth - sql -> select * from user
[2018-11-23T09:54:57.135] [INFO] oth - sqlParam -> []
[2018-11-23T09:54:57.136] [INFO] oth - execute time-> 0ms
[2018-11-23T09:54:57.136] [INFO] oth - release connection -> success
[2018-11-23T09:54:57.301] [INFO] oth - get connection success
[2018-11-23T09:54:57.302] [INFO] oth - sql -> select * from user
[2018-11-23T09:54:57.302] [INFO] oth - sqlParam -> []
[2018-11-23T09:54:57.303] [INFO] oth - execute time-> 1ms
[2018-11-23T09:54:57.304] [INFO] oth - release connection -> success
[2018-11-23T09:54:57.481] [INFO] oth - get connection success
[2018-11-23T09:54:57.482] [INFO] oth - sql -> select * from user
[2018-11-23T09:54:57.482] [INFO] oth - sqlParam -> []
[2018-11-23T09:54:57.483] [INFO] oth - execute time-> 1ms
[2018-11-23T09:54:57.483] [INFO] oth - release connection -> success
[2018-11-23T09:54:57.621] [INFO] oth - get connection success
[2018-11-23T09:54:57.622] [INFO] oth - sql -> select * from user
[2018-11-23T09:54:57.622] [INFO] oth - sqlParam -> []
[2018-11-23T09:54:57.623] [INFO] oth - execute time-> 1ms
[2018-11-23T09:54:57.624] [INFO] oth - release connection -> success
[2018-11-23T09:57:27.644] [INFO] oth - get connection success
[2018-11-23T09:57:27.645] [INFO] oth - sql -> select * from user
[2018-11-23T09:57:27.645] [INFO] oth - sqlParam -> []
[2018-11-23T09:57:27.646] [INFO] oth - execute time-> 1ms
[2018-11-23T09:57:27.646] [INFO] oth - release connection -> success
[2018-11-23T09:59:58.675] [INFO] oth - get connection success
[2018-11-23T09:59:58.676] [INFO] oth - sql -> select * from user
[2018-11-23T09:59:58.676] [INFO] oth - sqlParam -> []
[2018-11-23T09:59:58.677] [INFO] oth - execute time-> 1ms
[2018-11-23T09:59:58.677] [INFO] oth - release connection -> success
[2018-11-23T09:59:59.303] [INFO] oth - get connection success
[2018-11-23T09:59:59.304] [INFO] oth - sql -> select * from user
[2018-11-23T09:59:59.304] [INFO] oth - sqlParam -> []
[2018-11-23T09:59:59.305] [INFO] oth - execute time-> 1ms
[2018-11-23T09:59:59.305] [INFO] oth - release connection -> success
[2018-11-23T09:59:59.606] [INFO] oth - get connection success
[2018-11-23T09:59:59.606] [INFO] oth - sql -> select * from user
[2018-11-23T09:59:59.606] [INFO] oth - sqlParam -> []
[2018-11-23T09:59:59.608] [INFO] oth - execute time-> 1ms
[2018-11-23T09:59:59.608] [INFO] oth - release connection -> success
[2018-11-23T09:59:59.817] [INFO] oth - get connection success
[2018-11-23T09:59:59.818] [INFO] oth - sql -> select * from user
[2018-11-23T09:59:59.818] [INFO] oth - sqlParam -> []
[2018-11-23T09:59:59.820] [INFO] oth - execute time-> 2ms
[2018-11-23T09:59:59.820] [INFO] oth - release connection -> success
[2018-11-23T09:59:59.990] [INFO] oth - get connection success
[2018-11-23T09:59:59.991] [INFO] oth - sql -> select * from user
[2018-11-23T09:59:59.991] [INFO] oth - sqlParam -> []
[2018-11-23T09:59:59.992] [INFO] oth - execute time-> 1ms
[2018-11-23T09:59:59.993] [INFO] oth - release connection -> success
[2018-11-23T10:00:00.140] [INFO] oth - get connection success
[2018-11-23T10:00:00.141] [INFO] oth - sql -> select * from user
[2018-11-23T10:00:00.141] [INFO] oth - sqlParam -> []
[2018-11-23T10:00:00.142] [INFO] oth - execute time-> 1ms
[2018-11-23T10:00:00.142] [INFO] oth - release connection -> success
[2018-11-23T10:00:00.337] [INFO] oth - get connection success
[2018-11-23T10:00:00.337] [INFO] oth - sql -> select * from user
[2018-11-23T10:00:00.338] [INFO] oth - sqlParam -> []
[2018-11-23T10:00:00.339] [INFO] oth - execute time-> 1ms
[2018-11-23T10:00:00.339] [INFO] oth - release connection -> success
[2018-11-23T10:00:00.478] [INFO] oth - get connection success
[2018-11-23T10:00:00.478] [INFO] oth - sql -> select * from user
[2018-11-23T10:00:00.479] [INFO] oth - sqlParam -> []
[2018-11-23T10:00:00.480] [INFO] oth - execute time-> 1ms
[2018-11-23T10:00:00.480] [INFO] oth - release connection -> success
[2018-11-23T10:00:00.636] [INFO] oth - get connection success
[2018-11-23T10:00:00.636] [INFO] oth - sql -> select * from user
[2018-11-23T10:00:00.636] [INFO] oth - sqlParam -> []
[2018-11-23T10:00:00.637] [INFO] oth - execute time-> 1ms
[2018-11-23T10:00:00.638] [INFO] oth - release connection -> success
[2018-11-23T10:00:00.807] [INFO] oth - get connection success
[2018-11-23T10:00:00.808] [INFO] oth - sql -> select * from user
[2018-11-23T10:00:00.808] [INFO] oth - sqlParam -> []
[2018-11-23T10:00:00.809] [INFO] oth - execute time-> 1ms
[2018-11-23T10:00:00.809] [INFO] oth - release connection -> success
[2018-11-23T10:00:00.983] [INFO] oth - get connection success
[2018-11-23T10:00:00.984] [INFO] oth - sql -> select * from user
[2018-11-23T10:00:00.984] [INFO] oth - sqlParam -> []
[2018-11-23T10:00:00.986] [INFO] oth - execute time-> 2ms
[2018-11-23T10:00:00.986] [INFO] oth - release connection -> success
[2018-11-23T10:00:01.132] [INFO] oth - get connection success
[2018-11-23T10:00:01.132] [INFO] oth - sql -> select * from user
[2018-11-23T10:00:01.132] [INFO] oth - sqlParam -> []
[2018-11-23T10:00:01.133] [INFO] oth - execute time-> 1ms
[2018-11-23T10:00:01.133] [INFO] oth - release connection -> success
[2018-11-23T10:00:01.292] [INFO] oth - get connection success
[2018-11-23T10:00:01.292] [INFO] oth - sql -> select * from user
[2018-11-23T10:00:01.292] [INFO] oth - sqlParam -> []
[2018-11-23T10:00:01.293] [INFO] oth - execute time-> 1ms
[2018-11-23T10:00:01.294] [INFO] oth - release connection -> success
[2018-11-23T10:05:39.433] [INFO] oth - get connection success
[2018-11-23T10:05:39.433] [INFO] oth - sql -> select * from user
[2018-11-23T10:05:39.433] [INFO] oth - sqlParam -> []
[2018-11-23T10:05:39.434] [INFO] oth - execute time-> 1ms
[2018-11-23T10:05:39.434] [INFO] oth - release connection -> success
[2018-11-23T10:05:41.577] [INFO] oth - get connection success
[2018-11-23T10:05:41.578] [INFO] oth - sql -> select * from user
[2018-11-23T10:05:41.578] [INFO] oth - sqlParam -> []
[2018-11-23T10:05:41.579] [INFO] oth - execute time-> 1ms
[2018-11-23T10:05:41.580] [INFO] oth - release connection -> success
[2018-11-23T10:05:51.129] [INFO] oth - get connection success
[2018-11-23T10:05:51.130] [INFO] oth - sql -> select * from user
[2018-11-23T10:05:51.130] [INFO] oth - sqlParam -> []
[2018-11-23T10:05:51.132] [INFO] oth - execute time-> 1ms
[2018-11-23T10:05:51.132] [INFO] oth - release connection -> success
[2018-11-23T10:18:01.595] [INFO] oth - get connection success
[2018-11-23T10:18:01.595] [INFO] oth - sql -> select * from user
[2018-11-23T10:18:01.595] [INFO] oth - sqlParam -> []
[2018-11-23T10:18:01.596] [INFO] oth - execute time-> 0ms
[2018-11-23T10:18:01.597] [INFO] oth - release connection -> success
[2018-11-23T10:18:33.074] [INFO] oth - get connection success
[2018-11-23T10:18:33.075] [INFO] oth - sql -> select * from user
[2018-11-23T10:18:33.075] [INFO] oth - sqlParam -> []
[2018-11-23T10:18:33.076] [INFO] oth - execute time-> 1ms
[2018-11-23T10:18:33.076] [INFO] oth - release connection -> success
[2018-11-23T10:31:50.032] [INFO] oth - get connection success
[2018-11-23T10:31:50.033] [INFO] oth - sql -> select * from user
[2018-11-23T10:31:50.033] [INFO] oth - sqlParam -> []
[2018-11-23T10:31:50.035] [INFO] oth - execute time-> 2ms
[2018-11-23T10:31:50.035] [INFO] oth - release connection -> success
[2018-11-23T10:43:11.218] [INFO] oth - get connection success
[2018-11-23T10:43:11.218] [INFO] oth - sql -> select * from user
[2018-11-23T10:43:11.219] [INFO] oth - sqlParam -> []
[2018-11-23T10:43:11.220] [INFO] oth - execute time-> 1ms
[2018-11-23T10:43:11.220] [INFO] oth - release connection -> success
[2018-11-23T11:06:06.261] [INFO] oth - get connection success
[2018-11-23T11:06:06.262] [INFO] oth - sql -> select * from user
[2018-11-23T11:06:06.262] [INFO] oth - sqlParam -> []
[2018-11-23T11:06:06.263] [INFO] oth - execute time-> 1ms
[2018-11-23T11:06:06.263] [INFO] oth - release connection -> success
[2018-11-23T11:06:07.783] [INFO] oth - get connection success
[2018-11-23T11:06:07.783] [INFO] oth - sql -> select * from user
[2018-11-23T11:06:07.784] [INFO] oth - sqlParam -> []
[2018-11-23T11:06:07.785] [INFO] oth - execute time-> 1ms
[2018-11-23T11:06:07.785] [INFO] oth - release connection -> success
[2018-11-23T11:06:07.956] [INFO] oth - get connection success
[2018-11-23T11:06:07.957] [INFO] oth - sql -> select * from user
[2018-11-23T11:06:07.957] [INFO] oth - sqlParam -> []
[2018-11-23T11:06:07.958] [INFO] oth - execute time-> 1ms
[2018-11-23T11:06:07.958] [INFO] oth - release connection -> success
[2018-11-23T11:06:08.131] [INFO] oth - get connection success
[2018-11-23T11:06:08.131] [INFO] oth - sql -> select * from user
[2018-11-23T11:06:08.131] [INFO] oth - sqlParam -> []
[2018-11-23T11:06:08.132] [INFO] oth - execute time-> 1ms
[2018-11-23T11:06:08.132] [INFO] oth - release connection -> success
[2018-11-23T11:06:08.327] [INFO] oth - get connection success
[2018-11-23T11:06:08.329] [INFO] oth - sql -> select * from user
[2018-11-23T11:06:08.329] [INFO] oth - sqlParam -> []
[2018-11-23T11:06:08.330] [INFO] oth - execute time-> 1ms
[2018-11-23T11:06:08.331] [INFO] oth - release connection -> success
[2018-11-23T11:06:08.479] [INFO] oth - get connection success
[2018-11-23T11:06:08.479] [INFO] oth - sql -> select * from user
[2018-11-23T11:06:08.479] [INFO] oth - sqlParam -> []
[2018-11-23T11:06:08.480] [INFO] oth - execute time-> 1ms
[2018-11-23T11:06:08.480] [INFO] oth - release connection -> success
[2018-11-23T11:06:08.637] [INFO] oth - get connection success
[2018-11-23T11:06:08.638] [INFO] oth - sql -> select * from user
[2018-11-23T11:06:08.638] [INFO] oth - sqlParam -> []
[2018-11-23T11:06:08.640] [INFO] oth - execute time-> 2ms
[2018-11-23T11:06:08.641] [INFO] oth - release connection -> success
[2018-11-23T11:06:08.789] [INFO] oth - get connection success
[2018-11-23T11:06:08.789] [INFO] oth - sql -> select * from user
[2018-11-23T11:06:08.789] [INFO] oth - sqlParam -> []
[2018-11-23T11:06:08.790] [INFO] oth - execute time-> 0ms
[2018-11-23T11:06:08.790] [INFO] oth - release connection -> success
[2018-11-23T11:06:08.957] [INFO] oth - get connection success
[2018-11-23T11:06:08.957] [INFO] oth - sql -> select * from user
[2018-11-23T11:06:08.957] [INFO] oth - sqlParam -> []
[2018-11-23T11:06:08.958] [INFO] oth - execute time-> 1ms
[2018-11-23T11:06:08.958] [INFO] oth - release connection -> success
[2018-11-23T11:06:09.109] [INFO] oth - get connection success
[2018-11-23T11:06:09.109] [INFO] oth - sql -> select * from user
[2018-11-23T11:06:09.109] [INFO] oth - sqlParam -> []
[2018-11-23T11:06:09.110] [INFO] oth - execute time-> 1ms
[2018-11-23T11:06:09.110] [INFO] oth - release connection -> success
[2018-11-23T11:06:09.259] [INFO] oth - get connection success
[2018-11-23T11:06:09.259] [INFO] oth - sql -> select * from user
[2018-11-23T11:06:09.260] [INFO] oth - sqlParam -> []
[2018-11-23T11:06:09.260] [INFO] oth - execute time-> 0ms
[2018-11-23T11:06:09.261] [INFO] oth - release connection -> success
[2018-11-23T11:09:18.371] [INFO] oth - get connection success
[2018-11-23T11:09:18.372] [INFO] oth - sql -> select * from user
[2018-11-23T11:09:18.372] [INFO] oth - sqlParam -> []
[2018-11-23T11:09:18.373] [INFO] oth - execute time-> 1ms
[2018-11-23T11:09:18.373] [INFO] oth - release connection -> success
[2018-11-23T11:09:21.047] [INFO] oth - get connection success
[2018-11-23T11:09:21.048] [INFO] oth - sql -> select * from user
[2018-11-23T11:09:21.048] [INFO] oth - sqlParam -> []
[2018-11-23T11:09:21.049] [INFO] oth - execute time-> 1ms
[2018-11-23T11:09:21.049] [INFO] oth - release connection -> success
[2018-11-23T11:09:21.547] [INFO] oth - get connection success
[2018-11-23T11:09:21.548] [INFO] oth - sql -> select * from user
[2018-11-23T11:09:21.548] [INFO] oth - sqlParam -> []
[2018-11-23T11:09:21.549] [INFO] oth - execute time-> 1ms
[2018-11-23T11:09:21.549] [INFO] oth - release connection -> success
[2018-11-23T11:09:21.716] [INFO] oth - get connection success
[2018-11-23T11:09:21.717] [INFO] oth - sql -> select * from user
[2018-11-23T11:09:21.717] [INFO] oth - sqlParam -> []
[2018-11-23T11:09:21.718] [INFO] oth - execute time-> 1ms
[2018-11-23T11:09:21.718] [INFO] oth - release connection -> success
[2018-11-23T11:09:21.905] [INFO] oth - get connection success
[2018-11-23T11:09:21.906] [INFO] oth - sql -> select * from user
[2018-11-23T11:09:21.906] [INFO] oth - sqlParam -> []
[2018-11-23T11:09:21.907] [INFO] oth - execute time-> 1ms
[2018-11-23T11:09:21.907] [INFO] oth - release connection -> success
[2018-11-23T11:16:37.141] [INFO] oth - get connection success
[2018-11-23T11:16:37.141] [INFO] oth - sql -> select * from user
[2018-11-23T11:16:37.141] [INFO] oth - sqlParam -> []
[2018-11-23T11:16:37.143] [INFO] oth - execute time-> 1ms
[2018-11-23T11:16:37.143] [INFO] oth - release connection -> success
[2018-11-23T11:17:13.177] [INFO] oth - get connection success
[2018-11-23T11:17:13.178] [INFO] oth - sql -> select * from user
[2018-11-23T11:17:13.178] [INFO] oth - sqlParam -> []
[2018-11-23T11:17:13.179] [INFO] oth - execute time-> 1ms
[2018-11-23T11:17:13.179] [INFO] oth - release connection -> success
[2018-11-23T11:17:15.588] [INFO] oth - get connection success
[2018-11-23T11:17:15.588] [INFO] oth - sql -> select * from user
[2018-11-23T11:17:15.588] [INFO] oth - sqlParam -> []
[2018-11-23T11:17:15.589] [INFO] oth - execute time-> 1ms
[2018-11-23T11:17:15.589] [INFO] oth - release connection -> success
[2018-11-23T11:22:39.319] [INFO] oth - request ->请求无效资源
[2018-11-23T11:22:39.323] [INFO] oth - request ->请求无效资源
[2018-11-23T11:22:39.637] [INFO] oth - request ->请求无效资源
[2018-11-23T11:25:52.660] [INFO] oth - get connection success
[2018-11-23T11:25:52.660] [INFO] oth - sql -> select * from user
[2018-11-23T11:25:52.660] [INFO] oth - sqlParam -> []
[2018-11-23T11:25:52.661] [INFO] oth - execute time-> 1ms
[2018-11-23T11:25:52.661] [INFO] oth - release connection -> success
[2018-11-23T11:26:35.099] [INFO] oth - get connection success
[2018-11-23T11:26:35.099] [INFO] oth - sql -> select * from user
[2018-11-23T11:26:35.099] [INFO] oth - sqlParam -> []
[2018-11-23T11:26:35.100] [INFO] oth - execute time-> 1ms
[2018-11-23T11:26:35.101] [INFO] oth - release connection -> success
[2018-11-23T15:59:40.133] [INFO] oth - request ->请求无效资源
[2018-11-23T15:59:42.236] [INFO] oth - request ->请求无效资源
[2018-11-23T16:00:21.378] [INFO] oth - request ->请求无效资源
[2018-11-23T16:02:43.184] [INFO] oth - request ->请求无效资源
[2018-11-23T16:02:43.326] [INFO] oth - request ->请求无效资源
[2018-11-23T16:04:21.711] [INFO] oth - request ->请求无效资源
[2018-11-23T16:05:05.847] [INFO] oth - request ->请求无效资源
[2018-11-23T16:05:39.786] [INFO] oth - request ->请求无效资源
[2018-11-23T16:05:46.380] [INFO] oth - request ->请求无效资源
[2018-11-23T16:07:29.327] [INFO] oth - request ->请求无效资源
[2018-11-23T16:07:32.949] [INFO] oth - request ->请求无效资源
[2018-11-23T16:07:39.649] [INFO] oth - request ->请求无效资源
[2018-11-23T16:08:16.828] [INFO] oth - request ->请求无效资源
[2018-11-23T16:08:20.151] [INFO] oth - request ->请求无效资源
[2018-11-23T16:09:23.609] [INFO] oth - request ->请求无效资源
[2018-11-23T16:09:23.752] [INFO] oth - request ->请求无效资源
[2018-11-23T16:09:33.311] [INFO] oth - request ->请求无效资源
[2018-11-23T16:09:37.026] [INFO] oth - request ->请求无效资源
[2018-11-23T16:15:37.875] [INFO] oth - request ->请求无效资源
[2018-11-23T16:15:38.014] [INFO] oth - request ->请求无效资源
[2018-11-23T16:23:30.101] [INFO] oth - request ->请求无效资源
